<?xml version="1.0" encoding="UTF-8"?>
<testsuite xmlns:xsi="http://www.w3.org/2001/XMLSchema-instance" xsi:noNamespaceSchemaLocation="https://maven.apache.org/surefire/maven-surefire-plugin/xsd/surefire-test-report.xsd" version="3.0.1" name="Runner.TestRunner" time="8.326" tests="2" errors="0" skipped="0" failures="0">
  <properties>
[...]
</properties>
  <testcase name="Title of your scenario" classname="SimpleTest" time="4.457">
    <system-out><![CDATA[
Scenario: Title of your scenario                 &amp#27;[90m# src/test/resources/Feature/Register.feature:2&amp#27;[0m
  &amp#27;[32mGiven &amp#27;[0m&amp#27;[32mI want to write a step with precondition&amp#27;[0m &amp#27;[90m# StepDefinitions.RegisterTest.i_want_to_write_a_step_with_precondition()&amp#27;[0m
Hey there
  &amp#27;[32mAnd &amp#27;[0m&amp#27;[32msome other precondition&amp#27;[0m                    &amp#27;[90m# StepDefinitions.RegisterTest.some_other_precondition()&amp#27;[0m
Hey there
  &amp#27;[32mWhen &amp#27;[0m&amp#27;[32mI complete action&amp#27;[0m                         &amp#27;[90m# StepDefinitions.RegisterTest.i_complete_action()&amp#27;[0m
Hey there
  &amp#27;[32mAnd &amp#27;[0m&amp#27;[32msome other action&amp#27;[0m                          &amp#27;[90m# StepDefinitions.RegisterTest.some_other_action()&amp#27;[0m
Hey there
  &amp#27;[32mAnd &amp#27;[0m&amp#27;[32myet another action&amp#27;[0m                         &amp#27;[90m# StepDefinitions.RegisterTest.yet_another_action()&amp#27;[0m
Hey there
  &amp#27;[32mThen &amp#27;[0m&amp#27;[32mI validate the outcomes&amp#27;[0m                   &amp#27;[90m# StepDefinitions.RegisterTest.i_validate_the_outcomes()&amp#27;[0m
Hey there
  &amp#27;[32mAnd &amp#27;[0m&amp#27;[32mcheck more outcomes&amp#27;[0m                        &amp#27;[90m# StepDefinitions.RegisterTest.check_more_outcomes()&amp#27;[0m
]]></system-out>
  </testcase>
  <testcase name="Title of your scenario" classname="SimpleTest2" time="3.445">
    <system-out><![CDATA[
Scenario: Title of your scenario                  &amp#27;[90m# src/test/resources/Feature/Register2.feature:2&amp#27;[0m
NopesIn2
  &amp#27;[32mGiven &amp#27;[0m&amp#27;[32mII want to write a step with precondition&amp#27;[0m &amp#27;[90m# StepDefinitions.RegisterTest2.ii_want_to_write_a_step_with_precondition()&amp#27;[0m
  &amp#27;[32mAnd &amp#27;[0m&amp#27;[32msomee other precondition&amp#27;[0m                    &amp#27;[90m# StepDefinitions.RegisterTest2.somee_other_precondition()&amp#27;[0m
Hey there
  &amp#27;[32mWhen &amp#27;[0m&amp#27;[32mI complete action&amp#27;[0m                          &amp#27;[90m# StepDefinitions.RegisterTest.i_complete_action()&amp#27;[0m
Hey there
  &amp#27;[32mAnd &amp#27;[0m&amp#27;[32msome other action&amp#27;[0m                           &amp#27;[90m# StepDefinitions.RegisterTest.some_other_action()&amp#27;[0m
Hey there
  &amp#27;[32mAnd &amp#27;[0m&amp#27;[32myet another action&amp#27;[0m                          &amp#27;[90m# StepDefinitions.RegisterTest.yet_another_action()&amp#27;[0m
Hey there
  &amp#27;[32mThen &amp#27;[0m&amp#27;[32mI validate the outcomes&amp#27;[0m                    &amp#27;[90m# StepDefinitions.RegisterTest.i_validate_the_outcomes()&amp#27;[0m
Hey there
  &amp#27;[32mAnd &amp#27;[0m&amp#27;[32mcheck more outcomes&amp#27;[0m                         &amp#27;[90m# StepDefinitions.RegisterTest.check_more_outcomes()&amp#27;[0m
]]></system-out>
  </testcase>
</testsuite>